<?xml version="1.0" encoding="UTF-8"?>
<!-- Generated by org.testng.reporters.JUnitReportReporter -->
<testsuite skipped="0" hostname="DESKTOP-34ITK67" name="com.BaseClasses.TestClass" tests="1" failures="0" timestamp="23 Jun 2021 07:06:46 GMT" time="0.015" errors="0">
  <testcase name="auto" time="0.015" classname="com.BaseClasses.TestClass"/>
</testsuite> <!-- com.BaseClasses.TestClass -->
