<?xml version="1.0" encoding="UTF-8"?>
<!-- Generated by org.testng.reporters.JUnitReportReporter -->
<testsuite skipped="0" hostname="DESKTOP-34ITK67" name="testCases.LoginTest" tests="1" failures="0" timestamp="10 Mar 2022 12:55:57 GMT" time="16.468" errors="0">
  <testcase name="loginTest" time="16.468" classname="testCases.LoginTest"/>
</testsuite> <!-- testCases.LoginTest -->
