<?xml version="1.0" encoding="UTF-8"?>
<!-- Generated by org.testng.reporters.JUnitReportReporter -->
<testsuite skipped="0" hostname="DESKTOP-34ITK67" name="com.rough.TestProperties" tests="1" failures="0" timestamp="28 Jun 2021 11:26:18 GMT" time="0.016" errors="0">
  <testcase name="properties" time="0.016" classname="com.rough.TestProperties"/>
</testsuite> <!-- com.rough.TestProperties -->
