<?xml version="1.0" encoding="UTF-8"?>
<!-- Generated by org.testng.reporters.JUnitReportReporter -->
<testsuite skipped="0" hostname="DESKTOP-34ITK67" name="testpropo" tests="1" failures="0" timestamp="15 Jul 2021 09:19:52 GMT" time="4.206" errors="0">
  <testcase name="test" time="4.206" classname="testpropo"/>
</testsuite> <!-- testpropo -->
