<?xml version="1.0" encoding="UTF-8"?>
<!-- Generated by org.testng.reporters.JUnitReportReporter -->
<testsuite skipped="0" hostname="DESKTOP-34ITK67" name="testCases.Roughtest" tests="1" failures="0" timestamp="10 Mar 2022 12:55:57 GMT" time="12.445" errors="0">
  <testcase name="roughtest" time="12.445" classname="testCases.Roughtest"/>
</testsuite> <!-- testCases.Roughtest -->
