<?xml version="1.0" encoding="UTF-8"?>
<!-- Generated by org.testng.reporters.JUnitReportReporter -->
<testsuite skipped="0" hostname="DESKTOP-34ITK67" name="testCases.LoginTest" tests="1" failures="0" timestamp="2022-12-05T18:21:11 IST" time="11.836" errors="0">
  <testcase name="loginTest" time="11.836" classname="testCases.LoginTest"/>
  <system-out/>
</testsuite> <!-- testCases.LoginTest -->
