<?xml version="1.0" encoding="UTF-8"?>
<!-- Generated by org.testng.reporters.JUnitReportReporter -->
<testsuite skipped="0" hostname="DESKTOP-34ITK67" name="testCases.Roughtest" tests="1" failures="0" timestamp="2022-12-05T18:21:11 IST" time="10.209" errors="0">
  <testcase name="roughtest" time="10.209" classname="testCases.Roughtest"/>
  <system-out/>
</testsuite> <!-- testCases.Roughtest -->
